C51 COMPILER V9.57.0.0   LED_SD                                                            01/20/2024 17:57:04 PAGE 1   


C51 COMPILER V9.57.0.0, COMPILATION OF MODULE LED_SD
OBJECT MODULE PLACED IN .\Objects\LED_sd.obj
COMPILER INVOKED BY: D:\KeilC51\Keil C51 v957\Keil\C51\BIN\C51.EXE LED_sd.c OPTIMIZE(8,SPEED) BROWSE DEBUG OBJECTEXTEND 
                    -PRINT(.\Listings\LED_sd.lst) TABS(2) OBJECT(.\Objects\LED_sd.obj)

line level    source

   1          #include <reg51.h>
   2          
   3          static unsigned char num[10] = {
   4            0xc0, 0xf9, 0xa4, 0xb0, 0x99, 0x92, 0x82, 0xd8, 0x80, 0x90
   5          };
   6          
   7          void delay(unsigned int a){
   8   1        while(a--);
   9   1      }
  10          
  11          void main(){
  12   1        unsigned char i;
  13   1        while(1){
  14   2          P0 = 0xfe;
  15   2          for(i = 0; i < 8; i++){
  16   3            delay(50000);
  17   3            P0 = (P0 << 1) | 0x01;
  18   3          }
  19   2          for(i = 0; i < 8; i++){
  20   3            P0 = num[i];
  21   3            delay(50000);
  22   3          }
  23   2          P0 = 0xff;
  24   2          delay(50000);
  25   2        }
  26   1      }


MODULE INFORMATION:   STATIC OVERLAYABLE
   CODE SIZE        =     59    ----
   CONSTANT SIZE    =   ----    ----
   XDATA SIZE       =   ----    ----
   PDATA SIZE       =   ----    ----
   DATA SIZE        =     10    ----
   IDATA SIZE       =   ----    ----
   BIT SIZE         =   ----    ----
END OF MODULE INFORMATION.


C51 COMPILATION COMPLETE.  0 WARNING(S),  0 ERROR(S)
